<?xml version="1.0" encoding="UTF-8"?>
<!-- Generated by org.testng.reporters.JUnitXMLReporter -->
<testsuite ignored="0" hostname="MT-5CD119LF0H" failures="1" tests="11" name="Test" time="430.532" errors="0" timestamp="2021-11-22T16:51:16 IST">
  <testcase classname="io.cucumber.testng.AbstractTestNGCucumberTests" name="runScenario" time="39.367"/>
  <testcase classname="io.cucumber.testng.AbstractTestNGCucumberTests" name="runScenario" time="42.227"/>
  <testcase classname="io.cucumber.testng.AbstractTestNGCucumberTests" name="runScenario" time="25.409"/>
  <testcase classname="io.cucumber.testng.AbstractTestNGCucumberTests" name="runScenario" time="28.483"/>
  <testcase classname="io.cucumber.testng.AbstractTestNGCucumberTests" name="runScenario" time="38.992"/>
  <testcase classname="io.cucumber.testng.AbstractTestNGCucumberTests" name="runScenario" time="38.233"/>
  <testcase classname="io.cucumber.testng.AbstractTestNGCucumberTests" name="runScenario" time="31.004">
    <failure type="com.mindtree.exceptions.PageObjectException" message="Logged in failed">
      <![CDATA[com.mindtree.exceptions.PageObjectException: Logged in failed
at com.mindtree.pageObject.HomePageLogIn.validate(HomePageLogIn.java:72)
at com.mindtree.stepDefinations.HomePageLoginStepDef.user_will_redirect_to_my_account_page(HomePageLoginStepDef.java:55)
at ✽.user will redirect to my account page(file:///D:/eclipse-workspace/cucumberCompre/features/HomePageLogin.feature:8)
]]>
    </failure>
  </testcase> <!-- runScenario -->
  <testcase classname="io.cucumber.testng.AbstractTestNGCucumberTests" name="runScenario" time="31.277"/>
  <testcase classname="io.cucumber.testng.AbstractTestNGCucumberTests" name="runScenario" time="76.112"/>
  <testcase classname="io.cucumber.testng.AbstractTestNGCucumberTests" name="runScenario" time="36.116"/>
  <testcase classname="io.cucumber.testng.AbstractTestNGCucumberTests" name="runScenario" time="42.703"/>
</testsuite> <!-- Test -->
