<?xml version="1.0" encoding="UTF-8"?>
<!-- Generated by org.testng.reporters.JUnitXMLReporter -->
<testsuite ignored="0" hostname="MT-5CD119LF0H" failures="1" tests="11" name="Test" time="411.45" errors="0" timestamp="2021-11-22T17:23:20 IST">
  <testcase classname="io.cucumber.testng.AbstractTestNGCucumberTests" name="runScenario" time="41.847"/>
  <testcase classname="io.cucumber.testng.AbstractTestNGCucumberTests" name="runScenario" time="44.47"/>
  <testcase classname="io.cucumber.testng.AbstractTestNGCucumberTests" name="runScenario" time="28.035"/>
  <testcase classname="io.cucumber.testng.AbstractTestNGCucumberTests" name="runScenario" time="30.853"/>
  <testcase classname="io.cucumber.testng.AbstractTestNGCucumberTests" name="runScenario" time="41.039"/>
  <testcase classname="io.cucumber.testng.AbstractTestNGCucumberTests" name="runScenario" time="38.172"/>
  <testcase classname="io.cucumber.testng.AbstractTestNGCucumberTests" name="runScenario" time="33.213">
    <failure type="com.mindtree.exceptions.PageObjectException" message="Logged in failed">
      <![CDATA[com.mindtree.exceptions.PageObjectException: Logged in failed
at com.mindtree.pageObject.HomePageLogIn.validate(HomePageLogIn.java:72)
at com.mindtree.stepDefinations.HomePageLoginStepDef.user_will_redirect_to_my_account_page(HomePageLoginStepDef.java:55)
at ✽.user will redirect to my account page(file:///D:/eclipse-workspace/cucumberCompre/features/HomePageLogin.feature:8)
]]>
    </failure>
  </testcase> <!-- runScenario -->
  <testcase classname="io.cucumber.testng.AbstractTestNGCucumberTests" name="runScenario" time="31.699"/>
  <testcase classname="io.cucumber.testng.AbstractTestNGCucumberTests" name="runScenario" time="44.348"/>
  <testcase classname="io.cucumber.testng.AbstractTestNGCucumberTests" name="runScenario" time="35.92"/>
  <testcase classname="io.cucumber.testng.AbstractTestNGCucumberTests" name="runScenario" time="41.369"/>
</testsuite> <!-- Test -->
