<?xml version="1.0" encoding="UTF-8"?>
<testsuite xmlns:xsi="http://www.w3.org/2001/XMLSchema-instance" xsi:noNamespaceSchemaLocation="https://maven.apache.org/surefire/maven-surefire-plugin/xsd/surefire-test-report-3.0.xsd" version="3.0" name="TestSuite" time="411.992" tests="11" errors="0" skipped="0" failures="1">
  <properties>
[...]
</properties>
  <testcase name="runScenario[&quot;Add  All of it  Gift to Cart&quot;, &quot;Optional[All of it Gift Automate]&quot;](1)" classname="com.mindtree.runner.BDDTestRunner" time="41.859">
    <system-out><![CDATA[All of it
11-22-2021 17:16:42 ExtentLogUtilities.java DEBUG [main] stepDefinations.AllOfItStepDef 14 - URL Opened
11-22-2021 17:16:46 ExtentLogUtilities.java DEBUG [main] stepDefinations.AllOfItStepDef 14 - secretsanta button is clicked in page  Home page
11-22-2021 17:16:53 ExtentLogUtilities.java DEBUG [main] stepDefinations.AllOfItStepDef 14 - Astronaut Mobile Stand is clicked in page result page
11-22-2021 17:16:57 ExtentLogUtilities.java DEBUG [main] stepDefinations.AllOfItStepDef 14 -  cart button is send in page tissue page
11-22-2021 17:16:57 ExtentLogUtilities.java DEBUG [main] stepDefinations.AllOfItStepDef 14 - cart button is clicked in page socks page
11-22-2021 17:17:01 ExtentLogUtilities.java DEBUG [main] stepDefinations.AllOfItStepDef 14 - Close Button is clicked in page Cart Page
11-22-2021 17:17:04 ExtentLogUtilities.java DEBUG [main] stepDefinations.AllOfItStepDef 14 - Bigsmall pic is clicked in page cart page
11-22-2021 17:17:10 _Log4jLoggerFactory.java DEBUG [main] freemarker.cache 45 - Couldn't find template in cache for "Extent.ftl"("en_US", UTF-8, parsed); will try to load it.
11-22-2021 17:17:10 _Log4jLoggerFactory.java DEBUG [main] freemarker.cache 45 - TemplateLoader.findTemplateSource("Extent_en_US.ftl"): Not found
11-22-2021 17:17:10 _Log4jLoggerFactory.java DEBUG [main] freemarker.cache 45 - TemplateLoader.findTemplateSource("Extent_en.ftl"): Not found
11-22-2021 17:17:10 _Log4jLoggerFactory.java DEBUG [main] freemarker.cache 45 - TemplateLoader.findTemplateSource("Extent.ftl"): Found
11-22-2021 17:17:10 _Log4jLoggerFactory.java DEBUG [main] freemarker.cache 45 - Loading template for "Extent.ftl"("en_US", UTF-8, parsed) from "jar:file:/C:/Users/M1074035/.m2/repository/com/relevantcodes/extentreports/2.41.2/extentreports-2.41.2.jar!/com/relevantcodes/extentreports/view/Extent.ftl"
]]></system-out>
    <system-err><![CDATA[log4j:WARN No such property [maxBackupIndex] in com.mindtree.utilities.Log.
log4j:WARN No such property [maxFileSize] in com.mindtree.utilities.Log.
Starting ChromeDriver 96.0.4664.45 (76e4c1bb2ab4671b8beba3444e61c0f17584b2fc-refs/branch-heads/4664@{#947}) on port 36070
Only local connections are allowed.
Please see https://chromedriver.chromium.org/security-considerations for suggestions on keeping ChromeDriver safe.
ChromeDriver was started successfully.
Nov 22, 2021 5:16:31 PM org.openqa.selenium.remote.ProtocolHandshake createSession
INFO: Detected dialect: W3C
]]></system-err>
  </testcase>
  <testcase name="runScenario[&quot;Add Birthday gifts Gift to Cart&quot;, &quot;Optional[Birthday gifts DropDown Automate]&quot;](2)" classname="com.mindtree.runner.BDDTestRunner" time="44.468">
    <system-out><![CDATA[All of it
11-22-2021 17:17:23 ExtentLogUtilities.java DEBUG [main] stepDefinations.BithdayGiftStepDef 14 - URL Opened
Birthday Gifts for Guys
Birthday Gifts for Girls
Birthday Gifts for Kids
1st Birthday Gifts
50th Birthday Gifts
18th Birthday Gifts
11-22-2021 17:17:27 ExtentLogUtilities.java DEBUG [main] stepDefinations.BithdayGiftStepDef 14 - 18th Birthday Gifts is clicked in page Home Page
11-22-2021 17:17:38 ExtentLogUtilities.java DEBUG [main] stepDefinations.BithdayGiftStepDef 14 - Unicorn Touch Silicone Lamp is clicked in page result page
11-22-2021 17:17:41 ExtentLogUtilities.java DEBUG [main] stepDefinations.BithdayGiftStepDef 14 - quantity field  is send in page cart page
11-22-2021 17:17:42 ExtentLogUtilities.java DEBUG [main] stepDefinations.BithdayGiftStepDef 14 - cart button is clicked in page cart page
11-22-2021 17:17:45 ExtentLogUtilities.java DEBUG [main] stepDefinations.BithdayGiftStepDef 14 - Close Button is clicked in page Cart Page
11-22-2021 17:17:49 ExtentLogUtilities.java DEBUG [main] stepDefinations.BithdayGiftStepDef 14 - Bigsmall pic is clicked in page cart page
11-22-2021 17:17:54 _Log4jLoggerFactory.java DEBUG [main] freemarker.cache 45 - Couldn't find template in cache for "Extent.ftl"("en_US", UTF-8, parsed); will try to load it.
11-22-2021 17:17:54 _Log4jLoggerFactory.java DEBUG [main] freemarker.cache 45 - TemplateLoader.findTemplateSource("Extent_en_US.ftl"): Not found
11-22-2021 17:17:54 _Log4jLoggerFactory.java DEBUG [main] freemarker.cache 45 - TemplateLoader.findTemplateSource("Extent_en.ftl"): Not found
11-22-2021 17:17:54 _Log4jLoggerFactory.java DEBUG [main] freemarker.cache 45 - TemplateLoader.findTemplateSource("Extent.ftl"): Found
11-22-2021 17:17:54 _Log4jLoggerFactory.java DEBUG [main] freemarker.cache 45 - Loading template for "Extent.ftl"("en_US", UTF-8, parsed) from "jar:file:/C:/Users/M1074035/.m2/repository/com/relevantcodes/extentreports/2.41.2/extentreports-2.41.2.jar!/com/relevantcodes/extentreports/view/Extent.ftl"
]]></system-out>
    <system-err><![CDATA[Starting ChromeDriver 96.0.4664.45 (76e4c1bb2ab4671b8beba3444e61c0f17584b2fc-refs/branch-heads/4664@{#947}) on port 19669
Only local connections are allowed.
Please see https://chromedriver.chromium.org/security-considerations for suggestions on keeping ChromeDriver safe.
ChromeDriver was started successfully.
Nov 22, 2021 5:17:12 PM org.openqa.selenium.remote.ProtocolHandshake createSession
INFO: Detected dialect: W3C
]]></system-err>
  </testcase>
  <testcase name="runScenario[&quot;Add Corporate Gift to Cart&quot;, &quot;Optional[Corporate Gift Automate]&quot;](3)" classname="com.mindtree.runner.BDDTestRunner" time="28.032">
    <system-out><![CDATA[Corporate Gifts
11-22-2021 17:18:07 ExtentLogUtilities.java DEBUG [main] stepDefinations.CorporateGiftsStepDef 14 - URL Opened
11-22-2021 17:18:10 ExtentLogUtilities.java DEBUG [main] stepDefinations.CorporateGiftsStepDef 14 - Corporate Button is clicked in page Home Page
11-22-2021 17:18:15 ExtentLogUtilities.java DEBUG [main] stepDefinations.CorporateGiftsStepDef 14 - name is send in page Corporate gift form
11-22-2021 17:18:15 ExtentLogUtilities.java DEBUG [main] stepDefinations.CorporateGiftsStepDef 14 - email is send in page Corporate gift form
11-22-2021 17:18:15 ExtentLogUtilities.java DEBUG [main] stepDefinations.CorporateGiftsStepDef 14 - phone no is send in page Corporate gift form
11-22-2021 17:18:20 ExtentLogUtilities.java DEBUG [main] stepDefinations.CorporateGiftsStepDef 14 - Submit Button is clicked in page Corporate Page
11-22-2021 17:18:22 _Log4jLoggerFactory.java DEBUG [main] freemarker.cache 45 - Couldn't find template in cache for "Extent.ftl"("en_US", UTF-8, parsed); will try to load it.
11-22-2021 17:18:22 _Log4jLoggerFactory.java DEBUG [main] freemarker.cache 45 - TemplateLoader.findTemplateSource("Extent_en_US.ftl"): Not found
11-22-2021 17:18:22 _Log4jLoggerFactory.java DEBUG [main] freemarker.cache 45 - TemplateLoader.findTemplateSource("Extent_en.ftl"): Not found
11-22-2021 17:18:22 _Log4jLoggerFactory.java DEBUG [main] freemarker.cache 45 - TemplateLoader.findTemplateSource("Extent.ftl"): Found
11-22-2021 17:18:22 _Log4jLoggerFactory.java DEBUG [main] freemarker.cache 45 - Loading template for "Extent.ftl"("en_US", UTF-8, parsed) from "jar:file:/C:/Users/M1074035/.m2/repository/com/relevantcodes/extentreports/2.41.2/extentreports-2.41.2.jar!/com/relevantcodes/extentreports/view/Extent.ftl"
]]></system-out>
    <system-err><![CDATA[Starting ChromeDriver 96.0.4664.45 (76e4c1bb2ab4671b8beba3444e61c0f17584b2fc-refs/branch-heads/4664@{#947}) on port 23286
Only local connections are allowed.
Please see https://chromedriver.chromium.org/security-considerations for suggestions on keeping ChromeDriver safe.
ChromeDriver was started successfully.
Nov 22, 2021 5:17:57 PM org.openqa.selenium.remote.ProtocolHandshake createSession
INFO: Detected dialect: W3C
]]></system-err>
  </testcase>
  <testcase name="runScenario[&quot;Add Gift to Cart&quot;, &quot;Optional[Gift DropDown Automate]&quot;](4)" classname="com.mindtree.runner.BDDTestRunner" time="30.851">
    <system-out><![CDATA[Gifts
11-22-2021 17:18:34 ExtentLogUtilities.java DEBUG [main] stepDefinations.GiftsStepDef 14 - URL Opened
Gifts for Guys
Gifts For Girls
Gifts for Kids
11-22-2021 17:18:39 ExtentLogUtilities.java DEBUG [main] stepDefinations.GiftsStepDef 14 - Gifts for Kids is clicked in page Home Page
11-22-2021 17:18:46 ExtentLogUtilities.java DEBUG [main] stepDefinations.GiftsStepDef 14 - Panda Wooden LED Lamp is clicked in page result page
11-22-2021 17:18:49 ExtentLogUtilities.java DEBUG [main] stepDefinations.GiftsStepDef 14 - quantity field is send in page cart page
11-22-2021 17:18:50 ExtentLogUtilities.java DEBUG [main] stepDefinations.GiftsStepDef 14 - cart button is clicked in page cart page
11-22-2021 17:18:53 _Log4jLoggerFactory.java DEBUG [main] freemarker.cache 45 - Couldn't find template in cache for "Extent.ftl"("en_US", UTF-8, parsed); will try to load it.
11-22-2021 17:18:53 _Log4jLoggerFactory.java DEBUG [main] freemarker.cache 45 - TemplateLoader.findTemplateSource("Extent_en_US.ftl"): Not found
11-22-2021 17:18:53 _Log4jLoggerFactory.java DEBUG [main] freemarker.cache 45 - TemplateLoader.findTemplateSource("Extent_en.ftl"): Not found
11-22-2021 17:18:53 _Log4jLoggerFactory.java DEBUG [main] freemarker.cache 45 - TemplateLoader.findTemplateSource("Extent.ftl"): Found
11-22-2021 17:18:53 _Log4jLoggerFactory.java DEBUG [main] freemarker.cache 45 - Loading template for "Extent.ftl"("en_US", UTF-8, parsed) from "jar:file:/C:/Users/M1074035/.m2/repository/com/relevantcodes/extentreports/2.41.2/extentreports-2.41.2.jar!/com/relevantcodes/extentreports/view/Extent.ftl"
]]></system-out>
    <system-err><![CDATA[Starting ChromeDriver 96.0.4664.45 (76e4c1bb2ab4671b8beba3444e61c0f17584b2fc-refs/branch-heads/4664@{#947}) on port 31015
Only local connections are allowed.
Please see https://chromedriver.chromium.org/security-considerations for suggestions on keeping ChromeDriver safe.
ChromeDriver was started successfully.
Nov 22, 2021 5:18:25 PM org.openqa.selenium.remote.ProtocolHandshake createSession
INFO: Detected dialect: W3C
]]></system-err>
  </testcase>
  <testcase name="runScenario[&quot;Add Birthday gifts Gift to Cart&quot;, &quot;Optional[Home And Lifestyle DropDown Automate]&quot;](5)" classname="com.mindtree.runner.BDDTestRunner" time="41.047">
    <system-out><![CDATA[Corporate Gifts
11-22-2021 17:19:06 ExtentLogUtilities.java DEBUG [main] stepDefinations.HomeAndLifeStyleStepDef 14 - URL Opened
Home Decor
HouseWarming Gifts
Lamps
3D Mugs
Kitchen & Bar
Party Essentials
Office & Stationery
Clocks & Watches
Ice Trays
Storage Organizers
Water Bottles
11-22-2021 17:19:10 ExtentLogUtilities.java DEBUG [main] stepDefinations.HomeAndLifeStyleStepDef 14 - Water Bottles is clicked in page Home Page
11-22-2021 17:19:17 ExtentLogUtilities.java DEBUG [main] stepDefinations.HomeAndLifeStyleStepDef 14 - Bigsmall Water Bottle is clicked in page result page
11-22-2021 17:19:21 ExtentLogUtilities.java DEBUG [main] stepDefinations.HomeAndLifeStyleStepDef 14 - quantity field is send in page cart page
11-22-2021 17:19:22 ExtentLogUtilities.java DEBUG [main] stepDefinations.HomeAndLifeStyleStepDef 14 - cart button is clicked in page cart page
11-22-2021 17:19:26 ExtentLogUtilities.java DEBUG [main] stepDefinations.HomeAndLifeStyleStepDef 14 - Close Button is clicked in page Cart Page
11-22-2021 17:19:29 ExtentLogUtilities.java DEBUG [main] stepDefinations.HomeAndLifeStyleStepDef 14 - Bigsmall pic is clicked in page cart page
11-22-2021 17:19:34 _Log4jLoggerFactory.java DEBUG [main] freemarker.cache 45 - Couldn't find template in cache for "Extent.ftl"("en_US", UTF-8, parsed); will try to load it.
11-22-2021 17:19:34 _Log4jLoggerFactory.java DEBUG [main] freemarker.cache 45 - TemplateLoader.findTemplateSource("Extent_en_US.ftl"): Not found
11-22-2021 17:19:34 _Log4jLoggerFactory.java DEBUG [main] freemarker.cache 45 - TemplateLoader.findTemplateSource("Extent_en.ftl"): Not found
11-22-2021 17:19:34 _Log4jLoggerFactory.java DEBUG [main] freemarker.cache 45 - TemplateLoader.findTemplateSource("Extent.ftl"): Found
11-22-2021 17:19:34 _Log4jLoggerFactory.java DEBUG [main] freemarker.cache 45 - Loading template for "Extent.ftl"("en_US", UTF-8, parsed) from "jar:file:/C:/Users/M1074035/.m2/repository/com/relevantcodes/extentreports/2.41.2/extentreports-2.41.2.jar!/com/relevantcodes/extentreports/view/Extent.ftl"
]]></system-out>
    <system-err><![CDATA[Starting ChromeDriver 96.0.4664.45 (76e4c1bb2ab4671b8beba3444e61c0f17584b2fc-refs/branch-heads/4664@{#947}) on port 42343
Only local connections are allowed.
Please see https://chromedriver.chromium.org/security-considerations for suggestions on keeping ChromeDriver safe.
ChromeDriver was started successfully.
Nov 22, 2021 5:18:56 PM org.openqa.selenium.remote.ProtocolHandshake createSession
INFO: Detected dialect: W3C
]]></system-err>
  </testcase>
  <testcase name="runScenario[&quot;Add HomeDecor Gift to Cart&quot;, &quot;Optional[HomeDecor Gift Automate]&quot;](6)" classname="com.mindtree.runner.BDDTestRunner" time="38.166">
    <system-out><![CDATA[Home decor
11-22-2021 17:19:46 ExtentLogUtilities.java DEBUG [main] stepDefinations.HomeDecorStepDef 14 - URL Opened
11-22-2021 17:19:50 ExtentLogUtilities.java DEBUG [main] stepDefinations.HomeDecorStepDef 14 - secretsanta button is clicked in page  Home page
11-22-2021 17:19:56 ExtentLogUtilities.java DEBUG [main] stepDefinations.HomeDecorStepDef 14 - 3D Jewellery Holder Palette is clicked in page result page
11-22-2021 17:20:00 ExtentLogUtilities.java DEBUG [main] stepDefinations.HomeDecorStepDef 14 - quantity field is send in page cart page
11-22-2021 17:20:00 ExtentLogUtilities.java DEBUG [main] stepDefinations.HomeDecorStepDef 14 - cart button is clicked in page cart page
11-22-2021 17:20:04 ExtentLogUtilities.java DEBUG [main] stepDefinations.HomeDecorStepDef 14 - Close Button is clicked in page Cart slider Page
11-22-2021 17:20:07 ExtentLogUtilities.java DEBUG [main] stepDefinations.HomeDecorStepDef 14 - Bigsmall pic is clicked in page cart page
11-22-2021 17:20:12 _Log4jLoggerFactory.java DEBUG [main] freemarker.cache 45 - Couldn't find template in cache for "Extent.ftl"("en_US", UTF-8, parsed); will try to load it.
11-22-2021 17:20:12 _Log4jLoggerFactory.java DEBUG [main] freemarker.cache 45 - TemplateLoader.findTemplateSource("Extent_en_US.ftl"): Not found
11-22-2021 17:20:12 _Log4jLoggerFactory.java DEBUG [main] freemarker.cache 45 - TemplateLoader.findTemplateSource("Extent_en.ftl"): Not found
11-22-2021 17:20:12 _Log4jLoggerFactory.java DEBUG [main] freemarker.cache 45 - TemplateLoader.findTemplateSource("Extent.ftl"): Found
11-22-2021 17:20:12 _Log4jLoggerFactory.java DEBUG [main] freemarker.cache 45 - Loading template for "Extent.ftl"("en_US", UTF-8, parsed) from "jar:file:/C:/Users/M1074035/.m2/repository/com/relevantcodes/extentreports/2.41.2/extentreports-2.41.2.jar!/com/relevantcodes/extentreports/view/Extent.ftl"
]]></system-out>
    <system-err><![CDATA[Starting ChromeDriver 96.0.4664.45 (76e4c1bb2ab4671b8beba3444e61c0f17584b2fc-refs/branch-heads/4664@{#947}) on port 7693
Only local connections are allowed.
Please see https://chromedriver.chromium.org/security-considerations for suggestions on keeping ChromeDriver safe.
ChromeDriver was started successfully.
Nov 22, 2021 5:19:37 PM org.openqa.selenium.remote.ProtocolHandshake createSession
INFO: Detected dialect: W3C
]]></system-err>
  </testcase>
  <testcase name="runScenario[&quot;Validating With valid UserName And Password&quot;, &quot;Optional[Log in Validation]&quot;](7)" classname="com.mindtree.runner.BDDTestRunner" time="33.213">
    <failure message="Logged in failed" type="com.mindtree.exceptions.PageObjectException"><![CDATA[com.mindtree.exceptions.PageObjectException: Logged in failed
]]></failure>
    <system-out><![CDATA[Home Decor
11-22-2021 17:20:26 ExtentLogUtilities.java DEBUG [main] stepDefinations.HomePageLoginStepDef 14 - URL Opened
11-22-2021 17:20:29 ExtentLogUtilities.java DEBUG [main] stepDefinations.HomePageLoginStepDef 14 - Log In Button is clicked in page Home Page
11-22-2021 17:20:34 ExtentLogUtilities.java DEBUG [main] stepDefinations.HomePageLoginStepDef 14 - Email field is send in page Account Log in
11-22-2021 17:20:35 ExtentLogUtilities.java DEBUG [main] stepDefinations.HomePageLoginStepDef 14 - password field is send in page Account Log in
11-22-2021 17:20:37 ExtentLogUtilities.java DEBUG [main] stepDefinations.HomePageLoginStepDef 14 - Log In Button is clicked in page Home Page
11-22-2021 17:20:42 ExtentLogUtilities.java ERROR [main] stepDefinations.HomePageLoginStepDef 21 - logged in failed
11-22-2021 17:20:45 ExtentLogUtilities.java DEBUG [main] stepDefinations.HomePageLoginStepDef 14 - Bigsmall pic is clicked in page cart page
11-22-2021 17:20:46 _Log4jLoggerFactory.java DEBUG [main] freemarker.cache 45 - Couldn't find template in cache for "Extent.ftl"("en_US", UTF-8, parsed); will try to load it.
11-22-2021 17:20:46 _Log4jLoggerFactory.java DEBUG [main] freemarker.cache 45 - TemplateLoader.findTemplateSource("Extent_en_US.ftl"): Not found
11-22-2021 17:20:46 _Log4jLoggerFactory.java DEBUG [main] freemarker.cache 45 - TemplateLoader.findTemplateSource("Extent_en.ftl"): Not found
11-22-2021 17:20:46 _Log4jLoggerFactory.java DEBUG [main] freemarker.cache 45 - TemplateLoader.findTemplateSource("Extent.ftl"): Found
11-22-2021 17:20:46 _Log4jLoggerFactory.java DEBUG [main] freemarker.cache 45 - Loading template for "Extent.ftl"("en_US", UTF-8, parsed) from "jar:file:/C:/Users/M1074035/.m2/repository/com/relevantcodes/extentreports/2.41.2/extentreports-2.41.2.jar!/com/relevantcodes/extentreports/view/Extent.ftl"
]]></system-out>
    <system-err><![CDATA[Starting ChromeDriver 96.0.4664.45 (76e4c1bb2ab4671b8beba3444e61c0f17584b2fc-refs/branch-heads/4664@{#947}) on port 36345
Only local connections are allowed.
Please see https://chromedriver.chromium.org/security-considerations for suggestions on keeping ChromeDriver safe.
ChromeDriver was started successfully.
Nov 22, 2021 5:20:15 PM org.openqa.selenium.remote.ProtocolHandshake createSession
INFO: Detected dialect: W3C
]]></system-err>
  </testcase>
  <testcase name="runScenario[&quot;Add Official Merchandise Gift to Cart&quot;, &quot;Optional[Official Merchandise DropDown Automate]&quot;](8)" classname="com.mindtree.runner.BDDTestRunner" time="31.7">
    <system-out><![CDATA[Officil Merchandise
11-22-2021 17:20:58 ExtentLogUtilities.java DEBUG [main] stepDefinations.OfficialMerchandiseStepDef 14 - URL Opened
Official Harry Potter Merchandise
Official Marvel Merchandise
Official DC Merchandise
11-22-2021 17:21:02 ExtentLogUtilities.java DEBUG [main] stepDefinations.OfficialMerchandiseStepDef 14 - Official DC Merchandise is clicked in page Home Page
11-22-2021 17:21:09 ExtentLogUtilities.java DEBUG [main] stepDefinations.OfficialMerchandiseStepDef 14 - Bat Signal LED Lamp - Batman is clicked in page result page
11-22-2021 17:21:13 ExtentLogUtilities.java DEBUG [main] stepDefinations.OfficialMerchandiseStepDef 14 - quantity field is send in page cart page
11-22-2021 17:21:14 ExtentLogUtilities.java DEBUG [main] stepDefinations.OfficialMerchandiseStepDef 14 - cart button is clicked in page cart page
11-22-2021 17:21:17 _Log4jLoggerFactory.java DEBUG [main] freemarker.cache 45 - Couldn't find template in cache for "Extent.ftl"("en_US", UTF-8, parsed); will try to load it.
11-22-2021 17:21:17 _Log4jLoggerFactory.java DEBUG [main] freemarker.cache 45 - TemplateLoader.findTemplateSource("Extent_en_US.ftl"): Not found
11-22-2021 17:21:17 _Log4jLoggerFactory.java DEBUG [main] freemarker.cache 45 - TemplateLoader.findTemplateSource("Extent_en.ftl"): Not found
11-22-2021 17:21:17 _Log4jLoggerFactory.java DEBUG [main] freemarker.cache 45 - TemplateLoader.findTemplateSource("Extent.ftl"): Found
11-22-2021 17:21:17 _Log4jLoggerFactory.java DEBUG [main] freemarker.cache 45 - Loading template for "Extent.ftl"("en_US", UTF-8, parsed) from "jar:file:/C:/Users/M1074035/.m2/repository/com/relevantcodes/extentreports/2.41.2/extentreports-2.41.2.jar!/com/relevantcodes/extentreports/view/Extent.ftl"
]]></system-out>
    <system-err><![CDATA[Starting ChromeDriver 96.0.4664.45 (76e4c1bb2ab4671b8beba3444e61c0f17584b2fc-refs/branch-heads/4664@{#947}) on port 24191
Only local connections are allowed.
Please see https://chromedriver.chromium.org/security-considerations for suggestions on keeping ChromeDriver safe.
ChromeDriver was started successfully.
Nov 22, 2021 5:20:48 PM org.openqa.selenium.remote.ProtocolHandshake createSession
INFO: Detected dialect: W3C
]]></system-err>
  </testcase>
  <testcase name="runScenario[&quot;Add Personalized Gift to Cart&quot;, &quot;Optional[Personalized Gift Automate]&quot;](9)" classname="com.mindtree.runner.BDDTestRunner" time="44.347">
    <system-out><![CDATA[Personalized gifts
11-22-2021 17:21:29 ExtentLogUtilities.java DEBUG [main] stepDefinations.PersonalizedGiftStepDef 14 - URL Opened
11-22-2021 17:21:33 ExtentLogUtilities.java DEBUG [main] stepDefinations.PersonalizedGiftStepDef 14 - personalized button is clicked in page  Home page
11-22-2021 17:21:45 ExtentLogUtilities.java DEBUG [main] stepDefinations.PersonalizedGiftStepDef 14 - Personalized Metallic Keychain I COD Not Available is clicked in page result page
11-22-2021 17:21:48 ExtentLogUtilities.java DEBUG [main] stepDefinations.PersonalizedGiftStepDef 14 - quantity field is send in page cart page
11-22-2021 17:21:49 ExtentLogUtilities.java DEBUG [main] stepDefinations.PersonalizedGiftStepDef 14 - name Field is send in page Cart Page
11-22-2021 17:21:49 ExtentLogUtilities.java DEBUG [main] stepDefinations.PersonalizedGiftStepDef 14 - cart button is clicked in page cart page
11-22-2021 17:21:56 ExtentLogUtilities.java DEBUG [main] stepDefinations.PersonalizedGiftStepDef 14 - Bigsmall pic is clicked in page cart page
11-22-2021 17:22:02 _Log4jLoggerFactory.java DEBUG [main] freemarker.cache 45 - Couldn't find template in cache for "Extent.ftl"("en_US", UTF-8, parsed); will try to load it.
11-22-2021 17:22:02 _Log4jLoggerFactory.java DEBUG [main] freemarker.cache 45 - TemplateLoader.findTemplateSource("Extent_en_US.ftl"): Not found
11-22-2021 17:22:02 _Log4jLoggerFactory.java DEBUG [main] freemarker.cache 45 - TemplateLoader.findTemplateSource("Extent_en.ftl"): Not found
11-22-2021 17:22:02 _Log4jLoggerFactory.java DEBUG [main] freemarker.cache 45 - TemplateLoader.findTemplateSource("Extent.ftl"): Found
11-22-2021 17:22:02 _Log4jLoggerFactory.java DEBUG [main] freemarker.cache 45 - Loading template for "Extent.ftl"("en_US", UTF-8, parsed) from "jar:file:/C:/Users/M1074035/.m2/repository/com/relevantcodes/extentreports/2.41.2/extentreports-2.41.2.jar!/com/relevantcodes/extentreports/view/Extent.ftl"
]]></system-out>
    <system-err><![CDATA[Starting ChromeDriver 96.0.4664.45 (76e4c1bb2ab4671b8beba3444e61c0f17584b2fc-refs/branch-heads/4664@{#947}) on port 44813
Only local connections are allowed.
Please see https://chromedriver.chromium.org/security-considerations for suggestions on keeping ChromeDriver safe.
ChromeDriver was started successfully.
Nov 22, 2021 5:21:20 PM org.openqa.selenium.remote.ProtocolHandshake createSession
INFO: Detected dialect: W3C
]]></system-err>
  </testcase>
  <testcase name="runScenario[&quot;Add Shop By Catagory Gift to Cart&quot;, &quot;Optional[Shop By Catagory DropDown Automate]&quot;](10)" classname="com.mindtree.runner.BDDTestRunner" time="35.92">
    <system-out><![CDATA[Shop By Catagory
11-22-2021 17:22:14 ExtentLogUtilities.java DEBUG [main] stepDefinations.ShopByCatagoryStepDef 14 - URL Opened
Shop by Person











Face Masks
Bobbleheads & Action Figures
Keychains
Lapel Pins & Brooches
3D Mugs
11-22-2021 17:22:18 ExtentLogUtilities.java DEBUG [main] stepDefinations.ShopByCatagoryStepDef 14 - 3D Mugs is clicked in page Home Page
11-22-2021 17:22:26 ExtentLogUtilities.java DEBUG [main] stepDefinations.ShopByCatagoryStepDef 14 - Golf Coffee Mug is clicked in page result page
11-22-2021 17:22:29 ExtentLogUtilities.java DEBUG [main] stepDefinations.ShopByCatagoryStepDef 14 - quantity field is send in page cart page
11-22-2021 17:22:32 ExtentLogUtilities.java DEBUG [main] stepDefinations.ShopByCatagoryStepDef 14 - Bigsmall pic is clicked in page cart page
11-22-2021 17:22:38 _Log4jLoggerFactory.java DEBUG [main] freemarker.cache 45 - Couldn't find template in cache for "Extent.ftl"("en_US", UTF-8, parsed); will try to load it.
11-22-2021 17:22:38 _Log4jLoggerFactory.java DEBUG [main] freemarker.cache 45 - TemplateLoader.findTemplateSource("Extent_en_US.ftl"): Not found
11-22-2021 17:22:38 _Log4jLoggerFactory.java DEBUG [main] freemarker.cache 45 - TemplateLoader.findTemplateSource("Extent_en.ftl"): Not found
11-22-2021 17:22:38 _Log4jLoggerFactory.java DEBUG [main] freemarker.cache 45 - TemplateLoader.findTemplateSource("Extent.ftl"): Found
11-22-2021 17:22:38 _Log4jLoggerFactory.java DEBUG [main] freemarker.cache 45 - Loading template for "Extent.ftl"("en_US", UTF-8, parsed) from "jar:file:/C:/Users/M1074035/.m2/repository/com/relevantcodes/extentreports/2.41.2/extentreports-2.41.2.jar!/com/relevantcodes/extentreports/view/Extent.ftl"
]]></system-out>
    <system-err><![CDATA[Starting ChromeDriver 96.0.4664.45 (76e4c1bb2ab4671b8beba3444e61c0f17584b2fc-refs/branch-heads/4664@{#947}) on port 28931
Only local connections are allowed.
Please see https://chromedriver.chromium.org/security-considerations for suggestions on keeping ChromeDriver safe.
ChromeDriver was started successfully.
Nov 22, 2021 5:22:04 PM org.openqa.selenium.remote.ProtocolHandshake createSession
INFO: Detected dialect: W3C
]]></system-err>
  </testcase>
  <testcase name="runScenario[&quot;Add WhatsNew Gift to Cart&quot;, &quot;Optional[WhatsNew Gift Automate]&quot;](11)" classname="com.mindtree.runner.BDDTestRunner" time="41.37">
    <system-out><![CDATA[What's New gift
11-22-2021 17:22:49 ExtentLogUtilities.java DEBUG [main] stepDefinations.WhatsNewStepDef 14 - URL Opened
11-22-2021 17:22:53 ExtentLogUtilities.java DEBUG [main] stepDefinations.WhatsNewStepDef 14 - whatsNew button is clicked in page  Home page
11-22-2021 17:23:02 ExtentLogUtilities.java DEBUG [main] stepDefinations.WhatsNewStepDef 14 - Dice Keeper 3D Puzzle is clicked in page result page
11-22-2021 17:23:05 ExtentLogUtilities.java DEBUG [main] stepDefinations.WhatsNewStepDef 14 - quantity field is send in page cart page
11-22-2021 17:23:06 ExtentLogUtilities.java DEBUG [main] stepDefinations.WhatsNewStepDef 14 - cart button is clicked in page cart page
11-22-2021 17:23:10 ExtentLogUtilities.java DEBUG [main] stepDefinations.WhatsNewStepDef 14 - Close Button is clicked in page Cart slider Page
11-22-2021 17:23:14 ExtentLogUtilities.java DEBUG [main] stepDefinations.WhatsNewStepDef 14 - Bigsmall pic is clicked in page cart page
11-22-2021 17:23:19 _Log4jLoggerFactory.java DEBUG [main] freemarker.cache 45 - Couldn't find template in cache for "Extent.ftl"("en_US", UTF-8, parsed); will try to load it.
11-22-2021 17:23:19 _Log4jLoggerFactory.java DEBUG [main] freemarker.cache 45 - TemplateLoader.findTemplateSource("Extent_en_US.ftl"): Not found
11-22-2021 17:23:19 _Log4jLoggerFactory.java DEBUG [main] freemarker.cache 45 - TemplateLoader.findTemplateSource("Extent_en.ftl"): Not found
11-22-2021 17:23:19 _Log4jLoggerFactory.java DEBUG [main] freemarker.cache 45 - TemplateLoader.findTemplateSource("Extent.ftl"): Found
11-22-2021 17:23:19 _Log4jLoggerFactory.java DEBUG [main] freemarker.cache 45 - Loading template for "Extent.ftl"("en_US", UTF-8, parsed) from "jar:file:/C:/Users/M1074035/.m2/repository/com/relevantcodes/extentreports/2.41.2/extentreports-2.41.2.jar!/com/relevantcodes/extentreports/view/Extent.ftl"
]]></system-out>
    <system-err><![CDATA[Starting ChromeDriver 96.0.4664.45 (76e4c1bb2ab4671b8beba3444e61c0f17584b2fc-refs/branch-heads/4664@{#947}) on port 49007
Only local connections are allowed.
Please see https://chromedriver.chromium.org/security-considerations for suggestions on keeping ChromeDriver safe.
ChromeDriver was started successfully.
Nov 22, 2021 5:22:40 PM org.openqa.selenium.remote.ProtocolHandshake createSession
INFO: Detected dialect: W3C
]]></system-err>
  </testcase>
</testsuite>