<?xml version="1.0" encoding="UTF-8"?>
<!-- Generated by org.testng.reporters.JUnitReportReporter -->
<testsuite hostname="MT-5CD119LF0H" failures="0" tests="11" name="com.mindtree.runner.BDDTestRunner" time="429.923" errors="1" timestamp="2021-11-22T16:51:16 IST" skipped="0">
  <testcase classname="com.mindtree.runner.BDDTestRunner" name="runScenario" time="39.367"/>
  <testcase classname="com.mindtree.runner.BDDTestRunner" name="runScenario" time="31.004">
    <error message="Logged in failed" type="com.mindtree.exceptions.PageObjectException">
      <![CDATA[com.mindtree.exceptions.PageObjectException: Logged in failed
at com.mindtree.pageObject.HomePageLogIn.validate(HomePageLogIn.java:72)
at com.mindtree.stepDefinations.HomePageLoginStepDef.user_will_redirect_to_my_account_page(HomePageLoginStepDef.java:55)
at ✽.user will redirect to my account page(file:///D:/eclipse-workspace/cucumberCompre/features/HomePageLogin.feature:8)
]]>
    </error>
  </testcase> <!-- runScenario -->
  <testcase classname="com.mindtree.runner.BDDTestRunner" name="runScenario" time="25.409"/>
  <testcase classname="com.mindtree.runner.BDDTestRunner" name="runScenario" time="38.233"/>
  <testcase classname="com.mindtree.runner.BDDTestRunner" name="runScenario" time="31.277"/>
  <testcase classname="com.mindtree.runner.BDDTestRunner" name="runScenario" time="76.112"/>
  <testcase classname="com.mindtree.runner.BDDTestRunner" name="runScenario" time="42.703"/>
  <testcase classname="com.mindtree.runner.BDDTestRunner" name="runScenario" time="42.227"/>
  <testcase classname="com.mindtree.runner.BDDTestRunner" name="runScenario" time="28.483"/>
  <testcase classname="com.mindtree.runner.BDDTestRunner" name="runScenario" time="38.992"/>
  <testcase classname="com.mindtree.runner.BDDTestRunner" name="runScenario" time="36.116"/>
</testsuite> <!-- com.mindtree.runner.BDDTestRunner -->
