<?xml version="1.0" encoding="UTF-8"?>
<!-- Generated by org.testng.reporters.JUnitReportReporter -->
<testsuite hostname="MT-5CD119LF0H" failures="0" tests="11" name="com.mindtree.runner.BDDTestRunner" time="410.965" errors="1" timestamp="2021-11-22T17:23:20 IST" skipped="0">
  <testcase classname="com.mindtree.runner.BDDTestRunner" name="runScenario" time="44.470"/>
  <testcase classname="com.mindtree.runner.BDDTestRunner" name="runScenario" time="44.348"/>
  <testcase classname="com.mindtree.runner.BDDTestRunner" name="runScenario" time="35.920"/>
  <testcase classname="com.mindtree.runner.BDDTestRunner" name="runScenario" time="41.369"/>
  <testcase classname="com.mindtree.runner.BDDTestRunner" name="runScenario" time="31.699"/>
  <testcase classname="com.mindtree.runner.BDDTestRunner" name="runScenario" time="33.213">
    <error message="Logged in failed" type="com.mindtree.exceptions.PageObjectException">
      <![CDATA[com.mindtree.exceptions.PageObjectException: Logged in failed
at com.mindtree.pageObject.HomePageLogIn.validate(HomePageLogIn.java:72)
at com.mindtree.stepDefinations.HomePageLoginStepDef.user_will_redirect_to_my_account_page(HomePageLoginStepDef.java:55)
at ✽.user will redirect to my account page(file:///D:/eclipse-workspace/cucumberCompre/features/HomePageLogin.feature:8)
]]>
    </error>
  </testcase> <!-- runScenario -->
  <testcase classname="com.mindtree.runner.BDDTestRunner" name="runScenario" time="38.172"/>
  <testcase classname="com.mindtree.runner.BDDTestRunner" name="runScenario" time="41.847"/>
  <testcase classname="com.mindtree.runner.BDDTestRunner" name="runScenario" time="41.039"/>
  <testcase classname="com.mindtree.runner.BDDTestRunner" name="runScenario" time="30.853"/>
  <testcase classname="com.mindtree.runner.BDDTestRunner" name="runScenario" time="28.035"/>
</testsuite> <!-- com.mindtree.runner.BDDTestRunner -->
